The following modules were not unloaded:
  (Use "module --force purge" to unload all):

  1) xalt/2.10.45
Collecting pip
  Downloading https://files.pythonhosted.org/packages/a4/6d/6463d49a933f547439d6b5b98b46af8742cc03ae83543e4d7688c2420f8b/pip-21.3.1-py3-none-any.whl (1.7MB)
Installing collected packages: pip
Exception:
Traceback (most recent call last):
  File "/usr/lib/python3.6/site-packages/pip/basecommand.py", line 215, in main
    status = self.run(options, args)
  File "/usr/lib/python3.6/site-packages/pip/commands/install.py", line 365, in run
    strip_file_prefix=options.strip_file_prefix,
  File "/usr/lib/python3.6/site-packages/pip/req/req_set.py", line 789, in install
    **kwargs
  File "/usr/lib/python3.6/site-packages/pip/req/req_install.py", line 854, in install
    strip_file_prefix=strip_file_prefix
  File "/usr/lib/python3.6/site-packages/pip/req/req_install.py", line 1069, in move_wheel_files
    strip_file_prefix=strip_file_prefix,
  File "/usr/lib/python3.6/site-packages/pip/wheel.py", line 345, in move_wheel_files
    clobber(source, lib_dir, True)
  File "/usr/lib/python3.6/site-packages/pip/wheel.py", line 287, in clobber
    ensure_dir(dest)  # common for the 'include' path
  File "/usr/lib/python3.6/site-packages/pip/utils/__init__.py", line 83, in ensure_dir
    os.makedirs(path)
  File "/usr/lib64/python3.6/os.py", line 210, in makedirs
    makedirs(head, mode, exist_ok)
  File "/usr/lib64/python3.6/os.py", line 220, in makedirs
    mkdir(name, mode)
PermissionError: [Errno 13] Permission denied: '/usr/local/lib/python3.6'
Collecting torch<2.6,>=2.4
  Could not find a version that satisfies the requirement torch<2.6,>=2.4 (from versions: )
No matching distribution found for torch<2.6,>=2.4
Collecting transformers>=4.45.0
  Could not find a version that satisfies the requirement transformers>=4.45.0 (from versions: 0.1, 2.0.0, 2.1.0, 2.1.1, 2.2.0, 2.2.1, 2.2.2, 2.3.0, 2.4.0, 2.4.1, 2.5.0, 2.5.1, 2.6.0, 2.7.0, 2.8.0, 2.9.0, 2.9.1, 2.10.0, 2.11.0, 3.0.0, 3.0.1, 3.0.2, 3.1.0, 3.2.0, 3.3.0, 3.3.1, 3.4.0, 3.5.0, 3.5.1, 4.0.0rc1, 4.0.0, 4.0.1, 4.1.0, 4.1.1, 4.2.0, 4.2.1, 4.2.2, 4.3.0rc1, 4.3.0, 4.3.1, 4.3.2, 4.3.3, 4.4.0, 4.4.1, 4.4.2, 4.5.0, 4.5.1, 4.6.0, 4.6.1, 4.7.0, 4.8.0, 4.8.1, 4.8.2, 4.9.0, 4.9.1, 4.9.2, 4.10.0, 4.10.1, 4.10.2, 4.10.3, 4.11.0, 4.11.1, 4.11.2, 4.11.3, 4.12.0, 4.12.1, 4.12.2, 4.12.3, 4.12.4, 4.12.5, 4.13.0, 4.14.0, 4.14.1, 4.15.0, 4.16.0, 4.16.1, 4.16.2, 4.17.0, 4.18.0)
No matching distribution found for transformers>=4.45.0
Collecting evalplus>=0.3.1
  Could not find a version that satisfies the requirement evalplus>=0.3.1 (from versions: )
No matching distribution found for evalplus>=0.3.1
Collecting confseq>=0.0.11
  Downloading https://files.pythonhosted.org/packages/68/3d/b0ccdd8cd7b3e4ae10f028f6233509cd5fd7d446091cc7785e9ac250d78f/confseq-0.0.11.tar.gz (686kB)
    Complete output from command python setup.py egg_info:
    Please update pip, you need pip 10 or greater,
     or you need to install the PEP 518 requirements in pyproject.toml yourself
    Traceback (most recent call last):
      File "<string>", line 1, in <module>
      File "/tmp/pip-build-41ba91du/confseq/setup.py", line 8, in <module>
        from skbuild import setup
    ModuleNotFoundError: No module named 'skbuild'
    
    ----------------------------------------
Command "python setup.py egg_info" failed with error code 1 in /tmp/pip-build-41ba91du/confseq/
Collecting RestrictedPython>=7.0
  Could not find a version that satisfies the requirement RestrictedPython>=7.0 (from versions: 3.4.2, 3.4.3, 3.5.0, 3.5.1, 3.5.2, 3.6.0a1, 3.6.0, 4.0a1, 4.0a2, 4.0a3, 4.0b1, 4.0b2, 4.0b3, 4.0b4, 4.0b5, 4.0b6, 4.0b7, 4.0b8, 4.0, 5.0, 5.1, 5.2a1.dev0, 5.2, 5.3a1.dev0, 5.3, 5.4, 6.0a1.dev0, 6.0, 6.1, 6.2)
No matching distribution found for RestrictedPython>=7.0
Collecting matplotlib>=3.8.0
  Could not find a version that satisfies the requirement matplotlib>=3.8.0 (from versions: 0.86, 0.86.1, 0.86.2, 0.91.0, 0.91.1, 1.0.1, 1.1.0, 1.1.1, 1.2.0, 1.2.1, 1.3.0, 1.3.1, 1.4.0, 1.4.1rc1, 1.4.1, 1.4.2, 1.4.3, 1.5.0, 1.5.1, 1.5.2, 1.5.3, 2.0.0b1, 2.0.0b2, 2.0.0b3, 2.0.0b4, 2.0.0rc1, 2.0.0rc2, 2.0.0, 2.0.1, 2.0.2, 2.1.0rc1, 2.1.0, 2.1.1, 2.1.2, 2.2.0rc1, 2.2.0, 2.2.2, 2.2.3, 2.2.4, 2.2.5, 3.0.0rc2, 3.0.0, 3.0.1, 3.0.2, 3.0.3, 3.1.0rc1, 3.1.0rc2, 3.1.0, 3.1.1, 3.1.2, 3.1.3, 3.2.0rc1, 3.2.0rc3, 3.2.0, 3.2.1, 3.2.2, 3.3.0rc1, 3.3.0, 3.3.1, 3.3.2, 3.3.3, 3.3.4)
No matching distribution found for matplotlib>=3.8.0
Collecting arxiv-latex-cleaner
  Downloading https://files.pythonhosted.org/packages/a2/b9/f9f4742d7c46c34c282853fbebc637f3f7005a8fac2d85e8007e853ed5fc/arxiv_latex_cleaner-1.0.11-py3-none-any.whl
Collecting datasets
  Downloading https://files.pythonhosted.org/packages/13/68/8f123cf1b84fc32d749357b2c7ed6e9e61c06246965ba7f6f7a78cba54e9/datasets-2.4.0-py3-none-any.whl (365kB)
Collecting huggingface_hub
  Downloading https://files.pythonhosted.org/packages/c8/df/1b454741459f6ce75f86534bdad42ca17291b14a83066695f7d2c676e16c/huggingface_hub-0.4.0-py3-none-any.whl (67kB)
Collecting pillow (from arxiv-latex-cleaner)
  Downloading https://files.pythonhosted.org/packages/7d/2a/2fc11b54e2742db06297f7fa7f420a0e3069fdcf0e4b57dfec33f0b08622/Pillow-8.4.0.tar.gz (49.4MB)
Collecting absl_py>=0.12 (from arxiv-latex-cleaner)
  Downloading https://files.pythonhosted.org/packages/dd/87/de5c32fa1b1c6c3305d576e299801d8655c175ca9557019906247b994331/absl_py-1.4.0-py3-none-any.whl (126kB)
Collecting regex (from arxiv-latex-cleaner)
  Downloading https://files.pythonhosted.org/packages/fd/75/ed64d258199c5ea90be0b6f772a7e3d408e794f54236afa0f28e1db384d6/regex-2023.8.8-cp36-cp36m-manylinux_2_5_x86_64.manylinux1_x86_64.manylinux_2_12_x86_64.manylinux2010_x86_64.whl (678kB)
Requirement already satisfied: pyyaml in /usr/lib64/python3.6/site-packages (from arxiv-latex-cleaner)
Collecting pandas (from datasets)
  Downloading https://files.pythonhosted.org/packages/c3/e2/00cacecafbab071c787019f00ad84ca3185952f6bb9bca9550ed83870d4d/pandas-1.1.5-cp36-cp36m-manylinux1_x86_64.whl (9.5MB)
Collecting requests>=2.19.0 (from datasets)
  Downloading https://files.pythonhosted.org/packages/2d/61/08076519c80041bc0ffa1a8af0cbd3bf3e2b62af10435d269a9d0f40564d/requests-2.27.1-py2.py3-none-any.whl (63kB)
Collecting xxhash (from datasets)
  Downloading https://files.pythonhosted.org/packages/24/90/666a4d4d96a93ddaaaa0142ef8c1bd20f7135a7f1114a894f4d6efac16c5/xxhash-3.2.0.tar.gz (74kB)
Collecting fsspec[http]>=2021.11.1 (from datasets)
  Downloading https://files.pythonhosted.org/packages/f6/90/32e53b96067954c2f916667f5a11634aeabef8ed70e83133ed8037b8111b/fsspec-2022.1.0-py3-none-any.whl (133kB)
Collecting aiohttp (from datasets)
  Downloading https://files.pythonhosted.org/packages/fd/01/f180d31923751fd20185c96938994823f00918ee5ac7b058edc005382406/aiohttp-3.8.6.tar.gz (7.4MB)
    Complete output from command python setup.py egg_info:
    *********************
    * Accelerated build *
    *********************
    Traceback (most recent call last):
      File "<string>", line 1, in <module>
      File "/tmp/pip-build-0v_7lqgh/aiohttp/setup.py", line 54, in <module>
        setup(**setup_kwargs)
      File "/usr/lib/python3.6/site-packages/setuptools/__init__.py", line 129, in setup
        return distutils.core.setup(**attrs)
      File "/usr/lib64/python3.6/distutils/core.py", line 121, in setup
        dist.parse_config_files()
      File "/usr/lib/python3.6/site-packages/setuptools/dist.py", line 495, in parse_config_files
        ignore_option_errors=ignore_option_errors)
      File "/usr/lib/python3.6/site-packages/setuptools/config.py", line 111, in parse_configuration
        meta.parse()
      File "/usr/lib/python3.6/site-packages/setuptools/config.py", line 397, in parse
        section_parser_method(section_options)
      File "/usr/lib/python3.6/site-packages/setuptools/config.py", line 370, in parse_section
        self[name] = value
      File "/usr/lib/python3.6/site-packages/setuptools/config.py", line 174, in __setitem__
        value = parser(value)
      File "/usr/lib/python3.6/site-packages/setuptools/config.py", line 463, in _parse_version
        version = self._parse_attr(value, self.package_dir)
      File "/usr/lib/python3.6/site-packages/setuptools/config.py", line 320, in _parse_attr
        module = import_module(module_name)
      File "/usr/lib64/python3.6/importlib/__init__.py", line 126, in import_module
        return _bootstrap._gcd_import(name[level:], package, level)
      File "<frozen importlib._bootstrap>", line 994, in _gcd_import
      File "<frozen importlib._bootstrap>", line 971, in _find_and_load
      File "<frozen importlib._bootstrap>", line 955, in _find_and_load_unlocked
      File "<frozen importlib._bootstrap>", line 665, in _load_unlocked
      File "<frozen importlib._bootstrap_external>", line 678, in exec_module
      File "<frozen importlib._bootstrap>", line 219, in _call_with_frames_removed
      File "/tmp/pip-build-0v_7lqgh/aiohttp/aiohttp/__init__.py", line 5, in <module>
        from . import hdrs as hdrs
      File "/tmp/pip-build-0v_7lqgh/aiohttp/aiohttp/hdrs.py", line 8, in <module>
        from multidict import istr
    ModuleNotFoundError: No module named 'multidict'
    
    ----------------------------------------
Command "python setup.py egg_info" failed with error code 1 in /tmp/pip-build-0v_7lqgh/aiohttp/
